<?xml version="1.0" encoding="UTF-8"?>
<testsuite xmlns:xsi="http://www.w3.org/2001/XMLSchema-instance"
xsi:noNamespaceSchemaLocation="https://maven.apache.org/surefire/maven-surefire-plugin/xsd/surefire-test-report-3.0.xsd"
version="3.0"
name="com.$ACR_HELM_REPO.insight.EmailResourceTest"
time="5.513"
tests="7"
errors="0"
skipped="5"
failures="0">
  <properties>
    <property name="java.vm.vendor" value="Oracle Corporation"/>
    <property name="sun.arch.data.model" value="64"/>
    <property name="java.vendor.url" value="https://java.oracle.com/"/>
    <property name="user.timezone" value="UTC"/>
    <property name="logging.initial-configurator.min-level" value="500"/>
    <property name="os.name" value="Linux"/>
    <property name="java.vm.specification.version" value="17"/>
    <property name="sun.java.launcher" value="SUN_STANDARD"/>
  </properties>
  <testcase name="testRootEndpoint" classname="com.$ACR_HELM_REPO.insight.EmailResourceTest" time="0">
    <skipped message="public void com.$ACR_HELM_REPO.insight.EmailResourceTest.testRootEndpoint() is @Disabled"/>
  </testcase>
  <testcase name="testRootEndpointIncorrectTemplate" classname="com.$ACR_HELM_REPO.insight.EmailResourceTest" time="0">
    <skipped message="public void com.$ACR_HELM_REPO.insight.EmailResourceTest.testRootEndpointIncorrectTemplate() is @Disabled"/>
  </testcase>
  <testcase name="testRootEndpointBodyEmptyError" classname="com.$ACR_HELM_REPO.insight.EmailResourceTest" time="0">
    <skipped message="public void com.$ACR_HELM_REPO.insight.EmailResourceTest.testRootEndpointBodyEmptyError() is @Disabled"/>
  </testcase>
  <testcase name="testHelloEndpoint" classname="com.$ACR_HELM_REPO.insight.EmailResourceTest" time="0">
    <skipped message="public void com.$ACR_HELM_REPO.insight.EmailResourceTest.testHelloEndpoint() is @Disabled"/>
  </testcase>
  <testcase name="testRootEndpointMissingParameter" classname="com.$ACR_HELM_REPO.insight.EmailResourceTest" time="0">
    <skipped message="public void com.$ACR_HELM_REPO.insight.EmailResourceTest.testRootEndpointMissingParameter() is @Disabled"/>
  </testcase>
  <testcase name="testRootEndpointAgentTemplate" classname="com.$ACR_HELM_REPO.insight.EmailResourceTest" time="0">
    <skipped message="public void com.$ACR_HELM_REPO.insight.EmailResourceTest.testRootEndpointAgentTemplate() is @Disabled"/>
  </testcase>
  <testcase name="testRootEndpointMisspelledParameter" classname="com.$ACR_HELM_REPO.insight.EmailResourceTest" time="0">
    <skipped message="public void com.$ACR_HELM_REPO.insight.EmailResourceTest.testRootEndpointMisspelledParameter() is @Disabled"/>
  </testcase>
</testsuite>