<?xml version="1.0" encoding="UTF-8"?>
<testsuite xmlns:xsi="http://www.w3.org/2001/XMLSchema-instance"
           xsi:noNamespaceSchemaLocation="https://maven.apache.org/surefire/maven-surefire-plugin/xsd/surefire-test-report-3.0.xsd"
           version="3.0"
           name="com.$ACR_HELM_REPO.insight.EmailResourceTest"
           time="7.213"
           tests="7" errors="0" skipped="7" failures="0">

  <testcase name="testRootEndpoint" classname="com.$ACR_HELM_REPO.insight.EmailResourceTest" time="0">
    <skipped message="public void com.$ACR_HELM_REPO.insight.EmailResourceTest.testRootEndpoint() is @Disabled"/>
    <system-out><![CDATA[2023-02-10 15:05:45,067 INFO  [io.quarkus] (main) quarkus-server-email 2.0.50-SNAPSHOT on JVM (powered by Quarkus 2.16.0.Final) started in 3.765s. Listening on: http://localhost:8081
2023-02-10 15:05:45,069 INFO  [io.quarkus] (main) Profile test activated.
2023-02-10 15:05:45,069 INFO  [io.quarkus] (main) Installed features: [cdi, hibernate-validator, mailer, micrometer, qute, resteasy-reactive, resteasy-reactive-jackson, smallrye-context-propagation, smallrye-health, smallrye-openapi, swagger-ui, vertx]
]]></system-out>
  </testcase>
  <testcase name="testRootEndpointIncorrectTemplate" classname="com.$ACR_HELM_REPO.insight.EmailResourceTest" time="0">
    <skipped message="public void com.$ACR_HELM_REPO.insight.EmailResourceTest.testRootEndpointIncorrectTemplate() is @Disabled"/>
  </testcase>
  <testcase name="testRootEndpointBodyEmptyError" classname="com.$ACR_HELM_REPO.insight.EmailResourceTest" time="0">
    <skipped message="public void com.$ACR_HELM_REPO.insight.EmailResourceTest.testRootEndpointBodyEmptyError() is @Disabled"/>
  </testcase>
  <testcase name="testHelloEndpoint" classname="com.$ACR_HELM_REPO.insight.EmailResourceTest" time="0">
    <skipped message="public void com.$ACR_HELM_REPO.insight.EmailResourceTest.testHelloEndpoint() is @Disabled"/>
  </testcase>
  <testcase name="testRootEndpointMissingParameter" classname="com.$ACR_HELM_REPO.insight.EmailResourceTest" time="0">
    <skipped message="public void com.$ACR_HELM_REPO.insight.EmailResourceTest.testRootEndpointMissingParameter() is @Disabled"/>
  </testcase>
  <testcase name="testRootEndpointAgentTemplate" classname="com.$ACR_HELM_REPO.insight.EmailResourceTest" time="0">
    <skipped message="public void com.$ACR_HELM_REPO.insight.EmailResourceTest.testRootEndpointAgentTemplate() is @Disabled"/>
  </testcase>
  <testcase name="testRootEndpointMisspelledParameter" classname="com.$ACR_HELM_REPO.insight.EmailResourceTest" time="0">
    <skipped message="public void com.$ACR_HELM_REPO.insight.EmailResourceTest.testRootEndpointMisspelledParameter() is @Disabled"/>
  </testcase>
</testsuite>





