<?xml version="1.0" encoding="utf-8"?>
<testsuites>
    <testsuite name="pytest" errors="0" failures="0" skipped="6" tests="570" time="21.040" timestamp="2022-12-20T14:27:36.125393" hostname="e896e17c433b">
        <testcase classname="test.unit.lib.test_snapshot_differ" name="test_97158150" time="0.048" />
        <testcase classname="test.unit.model.test_membership" name="test_f391f401" time="0.037" />
        <testcase classname="test.unit.model.test_environment_snapshots_k8s" name="test_b1c7bd31" time="0.225" />
        <testcase classname="test.unit.model.test_artifacts" name="test_78904e23" time="0.045" />
        <testcase classname="test.unit.model.test_deployments" name="test_6a933a05" time="0.056" />
        <testcase classname="test.unit.app.test_converters" name="test_d813bf01[too short-084c799cd551dd1d8d5c5f9a5d593b2e931f5e36122ee5c793c1d08a19839cc]" time="0.001" />
        <testcase classname="test.unit.model.test_pipelines" name="test_05bab702" time="0.020" />
        <testcase classname="test.unit.app.test_jinja_filters" name="test_0ee15f10" time="0.001" />
        <testcase classname="test.unit.lib.test_ecs_schema_validation" name="test_a8339e03" time="0.002" />
        <testcase classname="test.unit.lib.test_exception_logger" name="test_811ba511" time="0.002" />
        <testcase classname="test.unit.model.test_environment_snapshots_k8s" name="test_b1c7bd18" time="0.060" />
        <testcase classname="test.unit.lib.test_running_on" name="test_d367ed36" time="0.001" />
        <testcase classname="test.unit.model.test_allowlist" name="test_a32f4d27" time="0.046" />
        <testcase classname="test.unit.documentdb.test_collection" name="test_4dd3b708" time="0.008" />
        <testcase classname="test.unit.app.test_routes_organizations" name="test_2afa46e2" time="0.121" />
        <testcase classname="test.unit.auth.test_authorization" name="test_7704b711" time="0.010" />
        <testcase classname="test.unit.lib.test_parse_snapshot_interval" name="test_e9cff101[1..def]" time="0.001" />
        <testcase classname="test.unit.documentdb.test_locking" name="test_e603d800" time="0.015" />
        <testcase classname="test.unit.model.test_users" name="test_8b203614" time="0.002" />
        <testcase classname="test.unit.model.test_users" name="test_8b203612" time="0.020" />
        <testcase classname="test.unit.documentdb.test_collection" name="test_4dd3b701" time="0.018" />
        <testcase classname="test.unit.model.test_allowlist" name="test_a32f4d33" time="0.076" />
        <testcase classname="test.unit.model.test_environment_snapshots_k8s" name="test_b1c7bd13" time="0.185" />
        <testcase classname="test.unit.lib.test_snapshot_differ" name="test_97158151" time="0.031" />
        <testcase classname="test.unit.model.test_allowlist" name="test_a32f4d29" time="0.062" />
        <testcase classname="test.unit.model.snappishes.test_tilde_snappish" name="test_06ff3002" time="0.002" />
        <testcase classname="test.unit.model.test_deployment" name="test_515bc902" time="0.062" />
        <testcase classname="test.unit.model.test_membership" name="test_f391f702" time="0.028" />
        <testcase classname="test.unit.model.test_allowlist" name="test_a32f4d24" time="0.033" />
        <testcase classname="test.unit.lib.test_longest_common_prefix" name="test_3678feff[new-strings4]" time="0.001" />
        <testcase classname="test.unit.app.test_authentication" name="test_79ab3390" time="0.000">
            <skipped type="pytest.skip" message="Need to disable logger in global_app">/app/src/test/unit/app/test_authentication.py:6: Need to disable logger in global_app</skipped>
        </testcase>
        <testcase classname="test.unit.model.test_search" name="test_86795003" time="0.060" />
        <testcase classname="test.unit.model.test_artifacts" name="test_78904e26" time="0.026" />
        <testcase classname="test.unit.app.test_context_processors" name="test_2a807211" time="0.000" />
        <testcase classname="test.unit.apis.test_snapshots" name="test_61f36e06" time="0.042" />
        <testcase classname="test.unit.lib.test_ecs_schema_validation" name="test_a8339e00" time="0.005" />
        <testcase classname="test.unit.app.test_converters" name="test_d813bf02" time="0.000" />
        <testcase classname="test.unit.app.test_jinja_filters" name="test_0ee15f01" time="0.002" />
        <testcase classname="test.unit.lib.test_split_snappish" name="test_c7a73d00" time="0.000" />
        <testcase classname="test.unit.lib.test_snapshot_differ" name="test_97158177" time="0.020" />
        <testcase classname="test.unit.lib.test_split_snappish" name="test_c7a73d06" time="0.000" />
        <testcase classname="test.unit.app.test_converters" name="test_d813bf13" time="0.001" />
        <testcase classname="test.unit.app.test_context_processors" name="test_2a807214" time="0.000" />
        <testcase classname="test.unit.documentdb.test_collection" name="test_4dd3b706" time="0.008" />
        <testcase classname="test.unit.documentdb.test_collection" name="test_4dd3b710" time="0.008" />
        <testcase classname="test.unit.model.test_environment_snapshots_server" name="test_1df4de02" time="0.077" />
        <testcase classname="test.unit.model.test_environments" name="test_e123d931" time="0.026" />
        <testcase classname="test.unit.auth.test_authorization" name="test_7704b717" time="0.008" />
        <testcase classname="test.unit.model.test_environment_renaming" name="test_aefeac03" time="0.031" />
        <testcase classname="test.unit.app.test_form_validators" name="test_20e237f7" time="0.001" />
        <testcase classname="test.unit.lib.test_snapshot_differ" name="test_97158174" time="0.018" />
        <testcase classname="test.unit.lib.test_snapshot_differ" name="test_97158153" time="0.016" />
        <testcase classname="test.unit.model.test_environment_snapshots_k8s" name="test_b1c7bd26" time="0.028" />
        <testcase classname="test.unit.auth.test_github_auth_proxy" name="test_c71b0c09" time="0.022" />
        <testcase classname="test.unit.app.test_converters" name="test_d813bf10" time="0.012" />
        <testcase classname="test.unit.auth.test_authorization" name="test_7704b702" time="0.001" />
        <testcase classname="test.unit.model.test_environment_snapshots_lambda" name="test_85241a00" time="0.053" />
        <testcase classname="test.unit.model.test_organizations" name="test_026fb181" time="0.022" />
        <testcase classname="test.unit.auth.test_github_auth_proxy" name="test_c71b0c02" time="0.026" />
        <testcase classname="test.unit.app.test_converters" name="test_d813bf03[too short-e412ad6f7ea530ee9b83df964a0dde2b477be72]" time="0.001" />
        <testcase classname="test.unit.model.test_artifacts" name="test_78904e05" time="0.023" />
        <testcase classname="test.unit.model.test_deployments" name="test_6a933a03" time="0.050" />
        <testcase classname="test.unit.model.test_pipeline" name="test_86abee07" time="0.025" />
        <testcase classname="test.unit.model.test_environment" name="test_b29e8861" time="0.089" />
        <testcase classname="test.unit.model.test_deployments" name="test_6a933a02" time="0.019" />
        <testcase classname="test.unit.model.test_model" name="test_56ead201" time="0.000" />
        <testcase classname="test.unit.model.test_environments" name="test_e123d940" time="0.096" />
        <testcase classname="test.unit.auth.test_create_account" name="test_6c410600" time="0.024" />
        <testcase classname="test.unit.app.test_converters" name="test_d813bf11" time="0.010" />
        <testcase classname="test.unit.model.test_environment" name="test_b29e8862" time="0.098" />
        <testcase classname="test.unit.fixtures.test_t" name="test_4c5eb7e0[2]" time="0.001" />
        <testcase classname="test.unit.model.test_environment_snapshots_server" name="test_1df4de01" time="0.046" />
        <testcase classname="test.unit.app.test_converters" name="test_d813bf00" time="0.001" />
        <testcase classname="test.unit.lib.test_env_events_validation" name="test_61bc5200" time="0.008" />
        <testcase classname="test.unit.model.test_environment_snapshots_ecs" name="test_82315c03" time="0.062" />
        <testcase classname="test.unit.app.test_form_validators" name="test_20e23711" time="0.007" />
        <testcase classname="test.unit.app.test_routes_environments" name="test_bbc27e07" time="0.045" />
        <testcase classname="test.unit.model.test_environment_snapshots_lambda" name="test_85241a01" time="0.047" />
        <testcase classname="test.unit.model.test_allowlist" name="test_a32f4d26" time="0.030" />
        <testcase classname="test.unit.model.test_artifacts" name="test_78904e28" time="0.028" />
        <testcase classname="test.unit.model.test_pipeline" name="test_86abee03" time="0.016" />
        <testcase classname="test.unit.app.test_routes_organizations" name="test_2afa46e0" time="0.031" />
        <testcase classname="test.unit.lib.test_split_snappish" name="test_c7a73d02" time="0.001" />
        <testcase classname="test.unit.app.test_context_processors" name="test_2a807210" time="0.002" />
        <testcase classname="test.unit.model.test_environment_snapshots_k8s" name="test_b1c7bd12" time="0.061" />
        <testcase classname="test.unit.model.test_allowlist" name="test_a32f4d16" time="0.048" />
        <testcase classname="test.unit.model.test_environment_snapshots_k8s" name="test_b1c7bd01" time="0.059" />
        <testcase classname="test.unit.app.test_converters" name="test_d813bf03[empty-]" time="0.001" />
        <testcase classname="test.unit.app.test_form_validators" name="test_20e23710" time="0.022" />
        <testcase classname="test.unit.lib.test_interval_to_page_indexes" name="test_c83b8600[1-10-100-120-backward-expected4]" time="0.001" />
        <testcase classname="test.unit.lib.test_snapshot_differ" name="test_97158156" time="0.030" />
        <testcase classname="test.unit.model.test_environment_snapshots_k8s" name="test_b1c7bd00" time="0.032" />
        <testcase classname="test.unit.model.test_organization" name="test_15961451" time="0.010" />
        <testcase classname="test.unit.app.test_routes_policies" name="test_44085f02" time="0.030" />
        <testcase classname="test.unit.lib.test_ecs_schema_validation" name="test_a8339e01" time="0.001" />
        <testcase classname="test.unit.model.test_environment_events" name="test_9ae22c43" time="0.058" />
        <testcase classname="test.unit.model.test_environment" name="test_b29e8858" time="0.017" />
        <testcase classname="test.unit.auth.test_authorization" name="test_7704b724" time="0.043" />
        <testcase classname="test.unit.model.snappishes.test_tilde_snappish" name="test_06ff3001" time="0.000" />
        <testcase classname="test.unit.model.test_artifact" name="test_cdb94996" time="0.034" />
        <testcase classname="test.unit.documentdb.test_transaction" name="test_e87fde13" time="0.015" />
        <testcase classname="test.unit.model.test_membership" name="test_f391f501" time="0.036" />
        <testcase classname="test.unit.app.test_form_validators" name="test_20e237f9" time="0.000" />
        <testcase classname="test.unit.model.test_organization" name="test_15961455" time="0.029" />
        <testcase classname="test.unit.model.test_user" name="test_fca44b47" time="0.007" />
        <testcase classname="test.unit.lib.test_parse_snapshot_interval" name="test_e9cff101[1..~def]" time="0.001" />
        <testcase classname="test.unit.model.test_environment_renaming" name="test_aefeac07" time="0.023" />
        <testcase classname="test.unit.model.test_user" name="test_fca44b76" time="0.021" />
        <testcase classname="test.unit.model.test_users" name="test_8b203624" time="0.017" />
        <testcase classname="test.unit.model.test_artifacts" name="test_78904e08" time="0.040" />
        <testcase classname="test.unit.model.test_environment_snapshots_k8s" name="test_b1c7bd09" time="0.026" />
        <testcase classname="test.unit.model.test_membership" name="test_f391f603" time="0.051" />
        <testcase classname="test.unit.documentdb.test_transaction" name="test_e87fde02" time="0.015" />
        <testcase classname="test.unit.model.test_deployments" name="test_6a933a01" time="0.016" />
        <testcase classname="test.unit.app.test_environment_most_recent_change_cmp" name="test_08c8c100" time="0.059" />
        <testcase classname="test.unit.model.test_environment" name="test_b29e8854" time="0.016" />
        <testcase classname="test.unit.app.test_jinja_filters" name="test_0ee15f00" time="0.002" />
        <testcase classname="test.unit.lib.test_running_on" name="test_d367ed33" time="0.001" />
        <testcase classname="test.unit.lib.test_parse_snapshot_interval" name="test_e9cff100[5..8-result0]" time="0.000" />
        <testcase classname="test.unit.model.test_organization" name="test_15961453" time="0.034" />
        <testcase classname="test.unit.model.test_pipeline" name="test_86abee00" time="0.017" />
        <testcase classname="test.unit.fixtures.test_t" name="test_4c5eb7e1[2]" time="0.001" />
        <testcase classname="test.unit.auth.test_authorization" name="test_7704b712" time="0.000" />
        <testcase classname="test.unit.model.test_users" name="test_8b203626" time="0.014" />
        <testcase classname="test.unit.lib.test_split_snappish" name="test_c7a73d03" time="0.000" />
        <testcase classname="test.unit.app.test_converters" name="test_d813bf09[not specials-abc%def]" time="0.000" />
        <testcase classname="test.unit.model.test_environments" name="test_e123d934" time="0.014" />
        <testcase classname="test.unit.lib.test_snapshot_differ" name="test_97158178" time="0.021" />
        <testcase classname="test.unit.documentdb.test_collection" name="test_4dd3b702" time="0.019" />
        <testcase classname="test.unit.model.test_allowlist" name="test_a32f4d15" time="0.047" />
        <testcase classname="test.unit.auth.test_authorization" name="test_7704b703" time="0.001" />
        <testcase classname="test.unit.fixtures.test_t" name="test_4c5eb7e0[1]" time="0.000" />
        <testcase classname="test.unit.model.test_user" name="test_fca44b26" time="0.032" />
        <testcase classname="test.unit.model.test_environment_events" name="test_9ae22c49" time="0.025" />
        <testcase classname="test.unit.lib.test_k8s_schema_validation" name="test_2472a941" time="0.002" />
        <testcase classname="test.unit.model.test_environment_snapshots_k8s" name="test_b1c7bd30" time="3.407" />
        <testcase classname="test.unit.auth.test_github_auth_proxy" name="test_c71b0c03" time="0.001" />
        <testcase classname="test.unit.model.test_artifacts" name="test_78904e30" time="0.031" />
        <testcase classname="test.unit.app.test_routes_200" name="test_565e88c2" time="0.003" />
        <testcase classname="test.unit.model.test_artifact" name="test_cdb95017" time="0.033" />
        <testcase classname="test.unit.model.test_model" name="test_56ead202" time="0.000" />
        <testcase classname="test.unit.model.test_environment_snapshots_k8s" name="test_b1c7bd17" time="0.059" />
        <testcase classname="test.unit.lib.test_parse_snapshot_interval" name="test_e9cff101[abc..def]" time="0.001" />
        <testcase classname="test.unit.auth.test_create_account" name="test_6c410601" time="0.013" />
        <testcase classname="test.unit.model.test_user" name="test_fca44b43" time="0.016" />
        <testcase classname="test.unit.model.test_artifacts" name="test_78904e11" time="0.019" />
        <testcase classname="test.unit.auth.test_github_auth_proxy" name="test_c71b0c00" time="0.001" />
        <testcase classname="test.unit.lib.test_server_schema_validation" name="test_33ba3f00" time="0.005" />
        <testcase classname="test.unit.model.test_search" name="test_86795001" time="0.107" />
        <testcase classname="test.unit.model.test_artifacts" name="test_78904e25" time="0.017" />
        <testcase classname="test.unit.apis.test_artifact_creation_schema_validation" name="test_da289700" time="0.006" />
        <testcase classname="test.unit.model.test_user" name="test_fca44b42" time="0.011" />
        <testcase classname="test.unit.model.test_artifact" name="test_cdb95003" time="0.000" />
        <testcase classname="test.unit.model.test_users" name="test_8b203622" time="0.018" />
        <testcase classname="test.unit.lib.test_k8s_schema_validation" name="test_2472a944" time="0.001" />
        <testcase classname="test.unit.model.test_environment_snapshots" name="test_b738d446" time="0.034" />
        <testcase classname="test.unit.model.test_environment_snapshots" name="test_b738d447" time="0.069" />
        <testcase classname="test.unit.app.test_context_processors" name="test_2a807217" time="0.001" />
        <testcase classname="test.unit.fixtures.test_t" name="test_4c5eb7e1[1]" time="0.000" />
        <testcase classname="test.unit.auth.test_authorization" name="test_7704b722" time="0.023" />
        <testcase classname="test.unit.model.test_approvals" name="test_a98f3a01" time="0.032" />
        <testcase classname="test.unit.documentdb.test_collection" name="test_4dd3b705" time="0.022" />
        <testcase classname="test.unit.model.test_artifact" name="test_cdb94998" time="0.027" />
        <testcase classname="test.unit.lib.test_server_schema_validation" name="test_33ba3f03" time="0.002" />
        <testcase classname="test.unit.model.test_environment_snapshots_k8s" name="test_b1c7bd10" time="0.131" />
        <testcase classname="test.unit.model.test_environment_snapshots" name="test_b738d448" time="0.101" />
        <testcase classname="test.unit.model.test_approvals" name="test_a98f3a04" time="0.019" />
        <testcase classname="test.unit.model.test_environment_snapshots_docker" name="test_e594a100" time="0.054" />
        <testcase classname="test.unit.app.test_converters" name="test_d813bf05[not empty-]" time="0.001" />
        <testcase classname="test.unit.app.test_routes_welcome" name="test_14c5d101" time="0.000">
            <skipped type="pytest.skip" message="Need to find out where we are redirected to">/app/src/test/unit/app/test_routes_welcome.py:19: Need to find out where we are redirected to</skipped>
        </testcase>
        <testcase classname="test.unit.app.test_converters" name="test_d813bf12" time="0.016" />
        <testcase classname="test.unit.model.test_artifact" name="test_cdb95020" time="0.030" />
        <testcase classname="test.unit.model.test_organization" name="test_15961443" time="0.030" />
        <testcase classname="test.unit.model.test_artifact" name="test_cdb95005" time="0.000" />
        <testcase classname="test.unit.apis.test_marshalling" name="test_1773ff00" time="0.001" />
        <testcase classname="test.unit.model.test_organizations" name="test_026fb179" time="0.013" />
        <testcase classname="test.unit.app.test_jinja_filters" name="test_0ee15f04" time="0.041" />
        <testcase classname="test.unit.model.snappishes.test_artifact_fingerprint_snappish" name="test_06ff1021" time="0.001" />
        <testcase classname="test.unit.documentdb.test_wait_till_ready_or_raise" name="test_21e53100" time="0.015" />
        <testcase classname="test.unit.auth.test_authorization" name="test_7704b727" time="0.048" />
        <testcase classname="test.unit.model.test_artifacts" name="test_78904e06" time="0.035" />
        <testcase classname="test.unit.model.snappishes.test_snappish" name="test_06ff6010" time="0.065" />
        <testcase classname="test.unit.model.test_artifact" name="test_cdb95021" time="0.027" />
        <testcase classname="test.unit.model.test_membership" name="test_f391f701" time="0.024" />
        <testcase classname="test.unit.model.test_environment_renaming" name="test_aefeac00" time="0.024" />
        <testcase classname="test.unit.lib.test_server_schema_validation" name="test_33ba3f04" time="0.001" />
        <testcase classname="test.unit.model.test_users" name="test_8b203617" time="0.029" />
        <testcase classname="test.unit.model.test_artifact" name="test_cdb95008" time="0.025" />
        <testcase classname="test.unit.model.test_environment_snapshots_s3" name="test_5b3a0101" time="0.048" />
        <testcase classname="test.unit.model.test_environment_events" name="test_9ae22c58" time="0.077" />
        <testcase classname="test.unit.model.test_pipeline" name="test_86abee05" time="0.022" />
        <testcase classname="test.unit.model.test_artifact" name="test_cdb94997" time="0.025" />
        <testcase classname="test.unit.app.test_jinja_filters" name="test_0ee15f09" time="0.001" />
        <testcase classname="test.unit.app.test_routes_policies" name="test_44085f00" time="0.049" />
        <testcase classname="test.unit.lib.test_longest_common_prefix" name="test_3678feff[-strings0]" time="0.000" />
        <testcase classname="test.unit.lib.test_scoped_env_var" name="test_e44512ee" time="0.000" />
        <testcase classname="test.unit.model.test_environments" name="test_e123d935" time="0.016" />
        <testcase classname="test.unit.model.test_environment_events" name="test_9ae22c45" time="0.024" />
        <testcase classname="test.unit.model.test_environment_snapshots_s3" name="test_5b3a0102" time="0.059" />
        <testcase classname="test.unit.auth.test_authorization" name="test_7704b709" time="0.000">
            <skipped type="pytest.skip" message="implement when we support public repositories">/app/src/test/unit/auth/test_authorization.py:85: implement when we support public repositories</skipped>
        </testcase>
        <testcase classname="test.unit.model.test_artifact" name="test_cdb95000" time="0.064" />
        <testcase classname="test.unit.app.test_context_processors" name="test_2a807212" time="0.000">
            <skipped type="pytest.skip" message="fake class does not have attribute 'running_state'">/app/src/test/unit/app/test_context_processors.py:38: fake class does not have attribute 'running_state'</skipped>
        </testcase>
        <testcase classname="test.unit.model.test_membership" name="test_f391f507" time="0.070" />
        <testcase classname="test.unit.model.test_environment_snapshots_ecs" name="test_82315c02" time="0.043" />
        <testcase classname="test.unit.lib.test_exception_logger" name="test_811ba510" time="0.001" />
        <testcase classname="test.unit.model.test_artifact" name="test_cdb95001" time="0.027" />
        <testcase classname="test.unit.lib.test_env_events_validation" name="test_61bc5201" time="0.001" />
        <testcase classname="test.unit.lib.test_parse_snapshot_interval" name="test_e9cff101[%..1]" time="0.000" />
        <testcase classname="test.unit.model.test_artifact" name="test_cdb95007" time="0.025" />
        <testcase classname="test.unit.app.test_routes_pipelines" name="test_8d499b00" time="0.027" />
        <testcase classname="test.unit.model.test_environment_events" name="test_9ae22c46" time="0.081" />
        <testcase classname="test.unit.app.test_routes_organizations" name="test_2afa46d3" time="0.064" />
        <testcase classname="test.unit.model.test_organization" name="test_15961435" time="0.011" />
        <testcase classname="test.unit.model.test_environment_events" name="test_9ae22c39" time="0.029" />
        <testcase classname="test.unit.model.test_artifact" name="test_cdb95010" time="0.025" />
        <testcase classname="test.unit.model.test_pipelines" name="test_05bab703" time="0.036" />
        <testcase classname="test.unit.lib.test_scoped_env_var" name="test_e44512ed" time="0.001" />
        <testcase classname="test.unit.model.test_user" name="test_fca44b54" time="0.000">
            <skipped type="pytest.skip" message="partialFilterExpression not implemented in documentDB">/app/src/test/unit/model/test_user.py:136: partialFilterExpression not implemented in documentDB</skipped>
        </testcase>
        <testcase classname="test.unit.model.test_users" name="test_8b203623" time="0.012" />
        <testcase classname="test.unit.model.test_environment" name="test_b29e8856" time="0.049" />
        <testcase classname="test.unit.apis.test_approvals_api_schemas" name="test_5e004b00" time="0.004" />
        <testcase classname="test.unit.model.test_environment_events" name="test_9ae22c47" time="0.073" />
        <testcase classname="test.unit.model.test_environment_snapshots_s3" name="test_5b3a0100" time="0.052" />
        <testcase classname="test.unit.model.test_environment_snapshots" name="test_b738d442" time="0.017" />
        <testcase classname="test.unit.auth.test_authorization" name="test_7704b720" time="0.032" />
        <testcase classname="test.unit.auth.test_authorization" name="test_7704b701" time="0.000" />
        <testcase classname="test.unit.app.test_converters" name="test_d813bf15[not a float-1.2]" time="0.000" />
        <testcase classname="test.unit.model.test_artifact" name="test_cdb95023" time="0.029" />
        <testcase classname="test.unit.lib.test_server_schema_validation" name="test_33ba3f01" time="0.001" />
        <testcase classname="test.unit.app.test_page_request" name="test_9cea5401" time="0.000" />
        <testcase classname="test.unit.auth.test_github_auth_proxy" name="test_c71b0c10" time="0.034" />
        <testcase classname="test.unit.app.test_context_processors" name="test_2a807216[duration2-3 hours, 15 minutes]" time="0.001" />
        <testcase classname="test.unit.lib.test_longest_common_prefix" name="test_3678feff[d-strings2]" time="0.001" />
        <testcase classname="test.unit.documentdb.test_locking" name="test_e603d801" time="0.011" />
        <testcase classname="test.unit.model.test_artifacts" name="test_78904e01" time="0.026" />
        <testcase classname="test.unit.model.test_environment" name="test_b29e8853" time="0.013" />
        <testcase classname="test.unit.app.test_routes_organizations" name="test_2afa46e4" time="0.058" />
        <testcase classname="test.unit.model.test_deployment" name="test_515bc901" time="0.045" />
        <testcase classname="test.unit.model.test_environment_events" name="test_9ae22c56" time="0.089" />
        <testcase classname="test.unit.model.test_organization" name="test_15961450" time="0.010" />
        <testcase classname="test.unit.lib.test_env_events_validation" name="test_61bc5202" time="0.001" />
        <testcase classname="test.unit.model.test_artifact" name="test_cdb94994" time="0.026" />
        <testcase classname="test.unit.model.snappishes.test_index_snappish" name="test_06ff4010" time="0.000" />
        <testcase classname="test.unit.lib.test_longest_common_prefix" name="test_3678feff[po-strings3]" time="0.001" />
        <testcase classname="test.unit.lib.test_split_snappish" name="test_c7a73d08" time="0.000" />
        <testcase classname="test.unit.model.test_environment_snapshots_k8s" name="test_b1c7bd23" time="0.029" />
        <testcase classname="test.unit.model.test_environment" name="test_b29e8859" time="0.014" />
        <testcase classname="test.unit.model.test_deployment" name="test_515bc904" time="0.018" />
        <testcase classname="test.unit.auth.test_github_auth_proxy" name="test_c71b0c04" time="0.001" />
        <testcase classname="test.unit.documentdb.test_locking" name="test_e603d802" time="0.008" />
        <testcase classname="test.unit.app.test_routes_200" name="test_565e88c1" time="0.019" />
        <testcase classname="test.unit.model.test_environment_snapshots_k8s" name="test_b1c7bd24" time="0.034" />
        <testcase classname="test.unit.model.test_artifacts" name="test_78904e24" time="0.029" />
        <testcase classname="test.unit.model.test_environment_snapshots_k8s" name="test_b1c7bd19" time="0.017" />
        <testcase classname="test.unit.app.test_converters" name="test_d813bf16[not specials-cyber%dojo]" time="0.015" />
        <testcase classname="test.unit.model.test_artifacts" name="test_78904e29" time="0.034" />
        <testcase classname="test.unit.model.test_environment_events" name="test_9ae22c41" time="0.073" />
        <testcase classname="test.unit.model.test_artifact" name="test_cdb94993" time="0.017" />
        <testcase classname="test.unit.app.test_routes_environments" name="test_bbc27e06" time="0.017" />
        <testcase classname="test.unit.model.test_environment_renaming" name="test_aefeac06" time="0.019" />
        <testcase classname="test.unit.app.test_routes_pipelines" name="test_8d499b01" time="0.029" />
        <testcase classname="test.unit.apis.test_snapshots" name="test_61f36e04" time="0.019" />
        <testcase classname="test.unit.model.test_search" name="test_86795002" time="0.064" />
        <testcase classname="test.unit.model.test_environment" name="test_b29e8863" time="0.081" />
        <testcase classname="test.unit.app.test_context_processors" name="test_2a807216[duration0-0 minutes, 10 seconds]" time="0.001" />
        <testcase classname="test.unit.model.test_environment_events" name="test_9ae22c44" time="0.014" />
        <testcase classname="test.unit.model.test_environment_renaming" name="test_aefeac09" time="0.020" />
        <testcase classname="test.unit.app.test_form_validators" name="test_20e23731" time="0.015" />
        <testcase classname="test.unit.app.test_form_validators" name="test_20e237f6" time="0.021" />
        <testcase classname="test.unit.model.test_environment" name="test_b29e8852" time="0.021" />
        <testcase classname="test.unit.documentdb.test_transaction" name="test_e87fde12" time="0.122" />
        <testcase classname="test.unit.model.test_user" name="test_fca44b41" time="0.011" />
        <testcase classname="test.unit.model.test_approvals" name="test_a98f3a03" time="0.040" />
        <testcase classname="test.unit.app.test_routes_organizations" name="test_2afa46e3" time="0.055" />
        <testcase classname="test.unit.model.test_allowlist" name="test_a32f4d32" time="0.078" />
        <testcase classname="test.unit.auth.test_authorization" name="test_7704b708" time="0.001" />
        <testcase classname="test.unit.lib.test_interval_to_page_indexes" name="test_c83b8600[1-15-100-120-forward-expected0]" time="0.001" />
        <testcase classname="test.unit.app.test_context_processors" name="test_2a807216[duration5-2 years, 1 month]" time="0.000" />
        <testcase classname="test.unit.fixtures.test_t" name="test_4c5eb7e1[4]" time="0.000" />
        <testcase classname="test.unit.model.test_organization" name="test_15961434" time="0.032" />
        <testcase classname="test.unit.app.test_jinja_filters" name="test_0ee15f03" time="0.000" />
        <testcase classname="test.unit.model.test_organization" name="test_15961438" time="0.018" />
        <testcase classname="test.unit.model.test_artifact" name="test_cdb94999" time="0.048" />
        <testcase classname="test.unit.app.test_converters" name="test_d813bf16[not empty-]" time="0.016" />
        <testcase classname="test.unit.model.test_environment_snapshots_k8s" name="test_b1c7bd25" time="0.000" />
        <testcase classname="test.unit.model.test_environment_events" name="test_9ae22c53" time="0.030" />
        <testcase classname="test.unit.lib.test_pretty_json" name="test_ef70f428" time="0.001" />
        <testcase classname="test.unit.lib.test_parse_snapshot_interval" name="test_e9cff101[0..NOW]" time="0.001" />
        <testcase classname="test.unit.model.test_environment_snapshots_k8s" name="test_b1c7bd03" time="0.046" />
        <testcase classname="test.unit.lib.test_split_snappish" name="test_c7a73d01" time="0.000" />
        <testcase classname="test.unit.model.test_users" name="test_8b203621" time="0.009" />
        <testcase classname="test.unit.auth.test_authorization" name="test_7704b713" time="0.000" />
        <testcase classname="test.unit.lib.test_k8s_schema_validation" name="test_2472a940" time="0.009" />
        <testcase classname="test.unit.app.test_context_processors" name="test_2a807213" time="0.000" />
        <testcase classname="test.unit.model.test_allowlist" name="test_a32f4d28" time="0.033" />
        <testcase classname="test.unit.auth.test_authorization" name="test_7704b728" time="0.042" />
        <testcase classname="test.unit.model.test_environment_events" name="test_9ae22c57" time="0.053" />
        <testcase classname="test.unit.app.test_page_to_indexes" name="test_34602700" time="0.000" />
        <testcase classname="test.unit.model.test_environments" name="test_e123d932" time="0.019" />
        <testcase classname="test.unit.model.test_allowlist" name="test_a32f4d22" time="0.100" />
        <testcase classname="test.unit.app.test_routes_organizations" name="test_2afa46d1" time="0.052" />
        <testcase classname="test.unit.model.test_organizations" name="test_026fb180" time="0.004" />
        <testcase classname="test.unit.model.test_artifacts" name="test_78904e00" time="0.017" />
        <testcase classname="test.unit.model.test_artifacts" name="test_78904e27" time="0.022" />
        <testcase classname="test.unit.model.snappishes.test_artifact_fingerprint_snappish" name="test_06ff1022" time="0.000" />
        <testcase classname="test.unit.lib.test_parse_snapshot_interval" name="test_e9cff100[~..12-result5]" time="0.000" />
        <testcase classname="test.unit.lib.test_longest_common_prefix" name="test_3678feff[-strings1]" time="0.001" />
        <testcase classname="test.unit.model.test_allowlist" name="test_a32f4d31" time="0.027" />
        <testcase classname="test.unit.model.test_membership" name="test_f391f506" time="0.046" />
        <testcase classname="test.unit.lib.test_diff" name="test_696fa773" time="0.001" />
        <testcase classname="test.unit.model.test_organization" name="test_15961441" time="0.077" />
        <testcase classname="test.unit.model.test_environment_snapshots_k8s" name="test_b1c7bd07" time="0.069" />
        <testcase classname="test.unit.documentdb.test_ledger" name="test_35515600" time="0.016" />
        <testcase classname="test.unit.lib.test_k8s_schema_validation" name="test_2472a942" time="0.001" />
        <testcase classname="test.unit.model.test_organization" name="test_15961440" time="0.063" />
        <testcase classname="test.unit.model.test_environments" name="test_e123d933" time="0.014" />
        <testcase classname="test.unit.model.test_environment_events" name="test_9ae22c54" time="0.017" />
        <testcase classname="test.unit.model.test_artifact" name="test_cdb95012" time="0.027" />
        <testcase classname="test.unit.model.test_environment_snapshots_k8s" name="test_b1c7bd14" time="0.031" />
        <testcase classname="test.unit.model.test_environment_renaming" name="test_aefeac08" time="0.022" />
        <testcase classname="test.unit.model.test_environments" name="test_e123d939" time="0.079" />
        <testcase classname="test.unit.model.test_environment_snapshots_k8s" name="test_b1c7bd11" time="0.029" />
        <testcase classname="test.unit.model.test_allowlist" name="test_a32f4d23" time="0.030" />
        <testcase classname="test.unit.lib.test_exception_logger" name="test_811ba512" time="0.001" />
        <testcase classname="test.unit.model.test_artifacts" name="test_78904e32" time="0.016" />
        <testcase classname="test.unit.model.test_pipelines" name="test_05bab704" time="0.026" />
        <testcase classname="test.unit.documentdb.test_collection" name="test_4dd3b709" time="0.010" />
        <testcase classname="test.unit.model.test_artifact" name="test_cdb95014" time="0.024" />
        <testcase classname="test.unit.lib.test_parse_snapshot_interval" name="test_e9cff100[~3..NOW-result3]" time="0.001" />
        <testcase classname="test.unit.model.test_environment_snapshots_ecs" name="test_82315c04" time="0.069" />
        <testcase classname="test.unit.lib.test_interval_to_page_indexes" name="test_c83b8600[2-15-100-120-forward-expected1]" time="0.001" />
        <testcase classname="test.unit.model.test_approvals" name="test_a98f3a00" time="0.028" />
        <testcase classname="test.unit.app.test_converters" name="test_d813bf15[not zero-0]" time="0.001" />
        <testcase classname="test.unit.model.test_artifacts" name="test_78904e10" time="0.017" />
        <testcase classname="test.unit.auth.test_github_auth_proxy" name="test_c71b0c01" time="0.001" />
        <testcase classname="test.unit.documentdb.test_transaction" name="test_e87fde11" time="0.810" />
        <testcase classname="test.unit.model.snappishes.test_index_snappish" name="test_06ff4014" time="0.001" />
        <testcase classname="test.unit.model.test_approvals" name="test_a98f3a02" time="0.027" />
        <testcase classname="test.unit.model.test_environment_snapshots_lambda" name="test_85241a02" time="0.062" />
        <testcase classname="test.unit.model.test_environment_snapshots_ecs" name="test_82315c01" time="0.046" />
        <testcase classname="test.unit.app.test_routes_200" name="test_565e88c0" time="0.698" />
        <testcase classname="test.unit.model.test_membership" name="test_f391f703" time="0.027" />
        <testcase classname="test.unit.lib.test_checkers_sha256" name="test_babdc580" time="0.000" />
        <testcase classname="test.unit.auth.test_authorization" name="test_7704b714" time="0.013" />
        <testcase classname="test.unit.model.test_artifact" name="test_cdb94990" time="0.038" />
        <testcase classname="test.unit.documentdb.test_transaction" name="test_e87fde03" time="0.017" />
        <testcase classname="test.unit.app.test_converters" name="test_d813bf01[!uppercase-084c799cd551dd1d8d5c5f9a5d593b2e931f5e36122ee5c793c1d08a19839CC2]" time="0.001" />
        <testcase classname="test.unit.auth.test_authorization" name="test_7704b700" time="0.000" />
        <testcase classname="test.unit.apis.test_snapshots" name="test_61f36e03" time="0.017" />
        <testcase classname="test.unit.model.test_environment_events" name="test_9ae22c50" time="0.035" />
        <testcase classname="test.unit.apis.test_snapshots" name="test_61f36e05" time="0.019" />
        <testcase classname="test.unit.documentdb.test_reindexing" name="test_a7bfda02" time="0.012" />
        <testcase classname="test.unit.model.test_artifacts" name="test_78904e09" time="0.048" />
        <testcase classname="test.unit.model.test_environment_renaming" name="test_aefeac05" time="0.024" />
        <testcase classname="test.unit.model.test_allowlist" name="test_a32f4d11" time="0.029" />
        <testcase classname="test.unit.model.test_artifact" name="test_cdb95016" time="0.027" />
        <testcase classname="test.unit.model.test_search" name="test_86795000" time="0.046" />
        <testcase classname="test.unit.auth.test_authorization" name="test_7704b715" time="0.007" />
        <testcase classname="test.unit.model.test_membership" name="test_f391f504" time="0.068" />
        <testcase classname="test.unit.documentdb.test_collection" name="test_4dd3b704" time="0.013" />
        <testcase classname="test.unit.lib.test_ecs_schema_validation" name="test_a8339e04" time="0.001" />
        <testcase classname="test.unit.lib.test_parse_snapshot_interval" name="test_e9cff101[#..1]" time="0.001" />
        <testcase classname="test.unit.model.test_environment_snapshots_docker" name="test_e594a101" time="0.047" />
        <testcase classname="test.unit.model.test_environment" name="test_b29e8851" time="0.018" />
        <testcase classname="test.unit.model.test_artifact" name="test_cdb95015" time="0.041" />
        <testcase classname="test.unit.model.test_pipeline" name="test_86abee06" time="0.033" />
        <testcase classname="test.unit.model.test_pipeline" name="test_86abee01" time="0.027" />
        <testcase classname="test.unit.fixtures.test_t" name="test_4c5eb7e0[3]" time="0.001" />
        <testcase classname="test.unit.model.test_approval" name="test_cf20b919" time="0.046" />
        <testcase classname="test.unit.lib.test_server_schema_validation" name="test_33ba3f02" time="0.001" />
        <testcase classname="test.unit.auth.test_create_account" name="test_6c410602" time="0.001" />
        <testcase classname="test.unit.lib.test_snapshot_differ" name="test_97158175" time="0.022" />
        <testcase classname="test.unit.lib.test_parse_snapshot_interval" name="test_e9cff100[..-result2]" time="0.000" />
        <testcase classname="test.unit.documentdb.test_collection" name="test_4dd3b707" time="0.017" />
        <testcase classname="test.unit.app.test_jinja_filters" name="test_0ee15f02" time="0.001" />
        <testcase classname="test.unit.model.test_environment_snapshot" name="test_07d55401" time="0.050" />
        <testcase classname="test.unit.model.test_approval" name="test_cf20b913" time="0.033" />
        <testcase classname="test.unit.model.test_environment_events" name="test_9ae22c42" time="0.038" />
        <testcase classname="test.unit.app.test_converters" name="test_d813bf08" time="0.000" />
        <testcase classname="test.unit.model.test_artifact" name="test_cdb95018" time="0.040" />
        <testcase classname="test.unit.app.test_converters" name="test_d813bf01[too long-084c799cd551dd1d8d5c5f9a5d593b2e931f5e36122ee5c793c1d08a19839cc29]" time="0.000" />
        <testcase classname="test.unit.app.test_converters" name="test_d813bf09[not start with a digit-6abcdef]" time="0.000" />
        <testcase classname="test.unit.model.test_environment" name="test_b29e8860" time="0.019" />
        <testcase classname="test.unit.model.snappishes.test_tilde_snappish" name="test_06ff3000" time="0.000" />
        <testcase classname="test.unit.model.test_special_access" name="test_d8e12301" time="0.008" />
        <testcase classname="test.unit.lib.test_split_snappish" name="test_c7a73d07" time="0.001" />
        <testcase classname="test.unit.documentdb.test_locking" name="test_e603d803" time="0.012" />
        <testcase classname="test.unit.model.test_user" name="test_fca44b40" time="0.013" />
        <testcase classname="test.unit.app.test_jinja_filters" name="test_0ee15f05" time="0.043" />
        <testcase classname="test.unit.app.test_converters" name="test_d813bf05[not specials-abc%def]" time="0.001" />
        <testcase classname="test.unit.model.test_environment_snapshots_k8s" name="test_b1c7bd04" time="0.049" />
        <testcase classname="test.unit.model.snappishes.test_artifact_fingerprint_snappish" name="test_06ff1020" time="0.001" />
        <testcase classname="test.unit.app.test_converters" name="test_d813bf09[not empty-]" time="0.000" />
        <testcase classname="test.unit.model.snappishes.test_commit_sha_snappish" name="test_06ff2030" time="0.000" />
        <testcase classname="test.unit.model.test_approval" name="test_cf20b918" time="0.031" />
        <testcase classname="test.unit.documentdb.test_collection" name="test_4dd3b703" time="0.012" />
        <testcase classname="test.unit.app.test_converters" name="test_d813bf15[not negative--1]" time="0.001" />
        <testcase classname="test.unit.model.test_search" name="test_86795004" time="0.059" />
        <testcase classname="test.unit.model.test_artifacts" name="test_78904e03" time="0.025" />
        <testcase classname="test.unit.model.test_approval" name="test_cf20b917" time="0.036" />
        <testcase classname="test.unit.model.test_pipeline" name="test_86abee04" time="0.023" />
        <testcase classname="test.unit.model.test_artifact" name="test_cdb95022" time="0.028" />
        <testcase classname="test.unit.model.test_environment_snapshots_k8s" name="test_b1c7bd08" time="0.020" />
        <testcase classname="test.unit.model.test_membership" name="test_f391f502" time="0.036" />
        <testcase classname="test.unit.app.test_converters" name="test_d813bf15[not a number-a]" time="0.001" />
        <testcase classname="test.unit.model.test_environment_events" name="test_9ae22c48" time="0.016" />
        <testcase classname="test.unit.app.test_context_processors" name="test_2a807216[duration3-1 day, 3 hours]" time="0.001" />
        <testcase classname="test.unit.model.test_approvals" name="test_a98f3a05" time="0.036" />
        <testcase classname="test.unit.lib.test_snapshot_differ" name="test_97158176" time="0.028" />
        <testcase classname="test.unit.model.test_allowlist" name="test_a32f4d20" time="0.099" />
        <testcase classname="test.unit.app.test_converters" name="test_d813bf14" time="0.000" />
        <testcase classname="test.unit.app.test_converters" name="test_d813bf09[not underscore-abc_def]" time="0.000" />
        <testcase classname="test.unit.documentdb.test_collection" name="test_4dd3b711" time="0.005" />
        <testcase classname="test.unit.model.test_artifact" name="test_cdb94995" time="0.078" />
        <testcase classname="test.unit.model.test_deployments" name="test_6a933a00" time="0.026" />
        <testcase classname="test.unit.lib.test_snapshot_differ" name="test_97158152" time="0.027" />
        <testcase classname="test.unit.apis.test_snapshots" name="test_61f36e01" time="0.030" />
        <testcase classname="test.unit.app.test_routes_organizations" name="test_2afa46c1" time="0.039" />
        <testcase classname="test.unit.app.test_form_validators" name="test_20e23730" time="0.002" />
        <testcase classname="test.unit.model.test_membership" name="test_f391f600" time="0.042" />
        <testcase classname="test.unit.model.test_environment_snapshot" name="test_07d55402" time="0.052" />
        <testcase classname="test.unit.model.test_organization" name="test_15961444" time="0.021" />
        <testcase classname="test.unit.model.test_environments" name="test_e123d941" time="0.000" />
        <testcase classname="test.unit.auth.test_github_auth_proxy" name="test_c71b0c08" time="0.004" />
        <testcase classname="test.unit.app.test_context_processors" name="test_2a807216[duration1-1 minute, 4 seconds]" time="0.001" />
        <testcase classname="test.unit.model.test_artifact" name="test_cdb95013" time="0.029" />
        <testcase classname="test.unit.model.test_membership" name="test_f391f508" time="0.061" />
        <testcase classname="test.unit.app.test_routes_welcome" name="test_14c5d100" time="0.000">
            <skipped type="pytest.skip" message="Need to find out where we are redirected to">/app/src/test/unit/app/test_routes_welcome.py:7: Need to find out where we are redirected to</skipped>
        </testcase>
        <testcase classname="test.unit.model.test_environments" name="test_e123d937" time="0.175" />
        <testcase classname="test.unit.model.test_membership" name="test_f391f505" time="0.069" />
        <testcase classname="test.unit.lib.test_running_on" name="test_d367ed34" time="0.001" />
        <testcase classname="test.unit.model.test_approval" name="test_cf20b915" time="0.042" />
        <testcase classname="test.unit.lib.test_split_snappish" name="test_c7a73d05" time="0.001" />
        <testcase classname="test.unit.model.test_user" name="test_fca44b48" time="0.052" />
        <testcase classname="test.unit.model.test_environments" name="test_e123d930" time="0.019" />
        <testcase classname="test.unit.model.test_environments" name="test_e123d938" time="0.070" />
        <testcase classname="test.unit.model.test_environment" name="test_b29e8855" time="0.031" />
        <testcase classname="test.unit.model.test_artifact" name="test_cdb95011" time="0.077" />
        <testcase classname="test.unit.lib.test_k8s_schema_validation" name="test_2472a943" time="0.002" />
        <testcase classname="test.unit.app.test_converters" name="test_d813bf03[too long-e412ad6f7ea530ee9b83df964a0dde2b477be7201]" time="0.001" />
        <testcase classname="test.unit.auth.test_authorization" name="test_7704b729" time="0.020" />
        <testcase classname="test.unit.model.test_membership" name="test_f391f601" time="0.073" />
        <testcase classname="test.unit.auth.test_authorization" name="test_7704b710" time="0.010" />
        <testcase classname="test.unit.model.test_allowlist" name="test_a32f4d14" time="0.041" />
        <testcase classname="test.unit.model.test_user" name="test_fca44b53" time="0.008" />
        <testcase classname="test.unit.app.test_jinja_filters" name="test_0ee15f08" time="0.001" />
        <testcase classname="test.unit.model.test_pipelines" name="test_05bab700" time="0.023" />
        <testcase classname="test.unit.model.test_artifacts" name="test_78904e22" time="0.022" />
        <testcase classname="test.unit.app.test_converters" name="test_d813bf05[not underscore-abc_def]" time="0.001" />
        <testcase classname="test.unit.app.test_converters" name="test_d813bf09[not start with a hyphen--abcdef]" time="0.000" />
        <testcase classname="test.unit.auth.test_authorization" name="test_7704b726" time="0.026" />
        <testcase classname="test.unit.model.test_environment_snapshots_k8s" name="test_b1c7bd02" time="0.047" />
        <testcase classname="test.unit.app.test_routes_organizations" name="test_2afa46d2" time="0.034" />
        <testcase classname="test.unit.app.test_routes_organizations" name="test_2afa46d0" time="0.042" />
        <testcase classname="test.unit.model.test_environment_snapshots_k8s" name="test_b1c7bd06" time="0.031" />
        <testcase classname="test.unit.apis.test_allowlist_put_schema_validation" name="test_54563b00" time="0.001" />
        <testcase classname="test.unit.model.test_environment_events" name="test_9ae22c40" time="0.050" />
        <testcase classname="test.unit.model.test_environment_renaming" name="test_aefeac04" time="0.024" />
        <testcase classname="test.unit.model.test_environment_snapshots" name="test_b738d444" time="0.023" />
        <testcase classname="test.unit.app.test_jinja_filters" name="test_0ee15f07" time="0.000" />
        <testcase classname="test.unit.model.test_environment_events" name="test_9ae22c52" time="0.074" />
        <testcase classname="test.unit.model.test_environment_snapshots_server" name="test_1df4de00" time="0.050" />
        <testcase classname="test.unit.model.test_membership" name="test_f391f602" time="0.042" />
        <testcase classname="test.unit.app.test_routes_policies" name="test_44085f01" time="0.049" />
        <testcase classname="test.unit.auth.test_github_auth_proxy" name="test_c71b0c07" time="0.001" />
        <testcase classname="test.unit.auth.test_authorization" name="test_7704b707" time="0.000" />
        <testcase classname="test.unit.app.test_page_request" name="test_9cea5402" time="0.000" />
        <testcase classname="test.unit.lib.test_parse_snapshot_interval" name="test_e9cff100[~3..now-result4]" time="0.000" />
        <testcase classname="test.unit.model.test_deployments" name="test_6a933a04" time="0.052" />
        <testcase classname="test.unit.documentdb.test_reindexing" name="test_a7bfda00" time="0.013" />
        <testcase classname="test.unit.model.test_environment_snapshots_ecs" name="test_82315c00" time="0.048" />
        <testcase classname="test.unit.model.test_organization" name="test_15961445" time="0.016" />
        <testcase classname="test.unit.model.test_organization" name="test_15961437" time="0.015" />
        <testcase classname="test.unit.apis.test_snapshots" name="test_61f36e00" time="0.029" />
        <testcase classname="test.unit.documentdb.test_transaction" name="test_e87fde00" time="0.008" />
        <testcase classname="test.unit.model.test_environment_snapshots_k8s" name="test_b1c7bd15" time="0.038" />
        <testcase classname="test.unit.app.test_context_processors" name="test_2a807215" time="0.001" />
        <testcase classname="test.unit.app.test_routes_organizations" name="test_2afa46c0" time="0.010" />
        <testcase classname="test.unit.fixtures.test_t" name="test_4c5eb7e1[3]" time="0.001" />
        <testcase classname="test.unit.documentdb.test_reindexing" name="test_a7bfda03" time="0.001" />
        <testcase classname="test.unit.app.test_form_validators" name="test_20e23732" time="0.000" />
        <testcase classname="test.unit.model.test_artifacts" name="test_78904e02" time="0.024" />
        <testcase classname="test.unit.model.snappishes.test_index_snappish" name="test_06ff4011" time="0.000" />
        <testcase classname="test.unit.auth.test_authorization" name="test_7704b716" time="0.000" />
        <testcase classname="test.unit.lib.test_interval_to_page_indexes" name="test_c83b8600[1-15-1-1-forward-expected2]" time="0.001" />
        <testcase classname="test.unit.model.test_pipeline" name="test_86abee02" time="0.016" />
        <testcase classname="test.unit.app.test_page_request" name="test_9cea5400" time="0.001" />
        <testcase classname="test.unit.lib.test_ecs_schema_validation" name="test_a8339e02" time="0.001" />
        <testcase classname="test.unit.lib.test_snapshot_differ" name="test_97158154" time="0.018" />
        <testcase classname="test.unit.app.test_converters" name="test_d813bf04" time="0.000" />
        <testcase classname="test.unit.model.test_allowlist" name="test_a32f4d10" time="0.066" />
        <testcase classname="test.unit.app.test_routes_organizations" name="test_2afa46e1" time="0.055" />
        <testcase classname="test.unit.app.test_context_processors" name="test_2a807216[duration4-1 month, 14 days]" time="0.001" />
        <testcase classname="test.unit.auth.test_authorization" name="test_7704b723" time="0.022" />
        <testcase classname="test.unit.lib.test_running_on" name="test_d367ed37" time="0.001" />
        <testcase classname="test.unit.lib.test_parse_snapshot_interval" name="test_e9cff100[NOW..2-result1]" time="0.000" />
        <testcase classname="test.unit.apis.test_snapshots" name="test_61f36e02" time="0.051" />
        <testcase classname="test.unit.model.snappishes.test_commit_sha_snappish" name="test_06ff2031" time="0.000" />
        <testcase classname="test.unit.model.test_artifact" name="test_cdb94991" time="0.033" />
        <testcase classname="test.unit.model.test_environments" name="test_e123d936" time="0.015" />
        <testcase classname="test.unit.model.test_membership" name="test_f391f503" time="0.038" />
        <testcase classname="test.unit.app.test_routes_environments" name="test_bbc27e05" time="0.032" />
        <testcase classname="test.unit.model.test_artifact" name="test_cdb95009" time="0.022" />
        <testcase classname="test.unit.model.test_environment_snapshots_k8s" name="test_b1c7bd21" time="0.052" />
        <testcase classname="test.unit.lib.test_running_on" name="test_d367ed35" time="0.000" />
        <testcase classname="test.unit.model.test_organization" name="test_15961454" time="0.019" />
        <testcase classname="test.unit.auth.test_github_auth_proxy" name="test_c71b0c05" time="0.023" />
        <testcase classname="test.unit.lib.test_interval_to_page_indexes" name="test_c83b8600[1-15-1-1-backward-expected3]" time="0.001" />
        <testcase classname="test.unit.model.test_users" name="test_8b203616" time="0.033" />
        <testcase classname="test.unit.model.test_approval" name="test_cf20b916" time="0.031" />
        <testcase classname="test.unit.model.test_environment_snapshots_ecs" name="test_82315c05" time="0.097" />
        <testcase classname="test.unit.model.test_environment_snapshots" name="test_b738d445" time="0.038" />
        <testcase classname="test.unit.model.test_schema_validator" name="test_d8785c00" time="0.001" />
        <testcase classname="test.unit.model.test_environment_snapshots" name="test_b738d443" time="0.020" />
        <testcase classname="test.unit.model.test_membership" name="test_f391f700" time="0.024" />
        <testcase classname="test.unit.model.test_allowlist" name="test_a32f4d30" time="0.173" />
        <testcase classname="test.unit.model.test_environment_events" name="test_9ae22c38" time="0.017" />
        <testcase classname="test.unit.app.test_converters" name="test_d813bf16[not underscore-cyber_dojo]" time="0.018" />
        <testcase classname="test.unit.model.test_environment_snapshots_k8s" name="test_b1c7bd05" time="0.056" />
        <testcase classname="test.unit.model.test_approval" name="test_cf20b912" time="0.052" />
        <testcase classname="test.unit.apis.test_backfill_commits_schema_validation" name="test_7a563800" time="0.003" />
        <testcase classname="test.unit.model.test_environment_snapshots_k8s" name="test_b1c7bd22" time="0.045" />
        <testcase classname="test.unit.apis.test_deployment_creation_schema_validation" name="test_f6422c00" time="0.002" />
        <testcase classname="test.unit.model.test_artifact" name="test_cdb95004" time="0.000" />
        <testcase classname="test.unit.model.test_organization" name="test_15961452" time="0.018" />
        <testcase classname="test.unit.app.test_form_validators" name="test_20e23712" time="0.024" />
        <testcase classname="test.unit.lib.test_checkers_owner_name" name="test_2868c000" time="0.001" />
        <testcase classname="test.unit.auth.test_authorization" name="test_7704b721" time="0.029" />
        <testcase classname="test.unit.app.test_jinja_filters" name="test_0ee15f06" time="0.001" />
        <testcase classname="test.unit.model.test_users" name="test_8b203613" time="0.025" />
        <testcase classname="test.unit.app.test_pipeline_most_recent_deployment_cmp" name="test_dca57bc6" time="0.095" />
        <testcase classname="test.unit.model.test_environment_renaming" name="test_aefeac01" time="0.035" />
        <testcase classname="test.unit.model.test_organizations" name="test_026fb178" time="0.015" />
        <testcase classname="test.unit.apis.test_evidence_creation_schema_validation" name="test_bc923000" time="0.002" />
        <testcase classname="test.unit.model.test_user" name="test_fca44b75" time="0.043" />
        <testcase classname="test.unit.lib.test_split_snappish" name="test_c7a73d04" time="0.000" />
        <testcase classname="test.unit.fixtures.test_t" name="test_4c5eb7e0[4]" time="0.001" />
        <testcase classname="test.unit.model.test_environment" name="test_b29e8850" time="0.016" />
        <testcase classname="test.unit.model.test_deployments" name="test_6a933a06" time="0.023" />
        <testcase classname="test.unit.app.test_context_processors" name="test_2a807219" time="0.014" />
        <testcase classname="test.unit.model.test_artifacts" name="test_78904e31" time="0.024" />
        <testcase classname="test.unit.auth.test_authorization" name="test_7704b725" time="0.017" />
        <testcase classname="test.unit.lib.test_cq" name="test_75f1d000" time="0.001" />
        <testcase classname="test.unit.model.test_environment_snapshots_k8s" name="test_b1c7bd16" time="0.082" />
        <testcase classname="test.unit.app.test_converters" name="test_d813bf15[not empty-]" time="0.001" />
        <testcase classname="test.unit.model.test_environment_snapshot" name="test_07d55400" time="0.055" />
        <testcase classname="test.unit.model.test_artifacts" name="test_78904e2a" time="0.029" />
        <testcase classname="test.unit.app.test_converters" name="test_d813bf03[!uppercase-e412ad6f7ea530ee9b83df964a0dde2b477bE720]" time="0.001" />
        <testcase classname="test.unit.documentdb.test_reindexing" name="test_a7bfda01" time="0.002" />
        <testcase classname="test.unit.model.test_environment_snapshot" name="test_07d55403" time="0.076" />
        <testcase classname="test.unit.documentdb.test_transaction" name="test_e87fde01" time="0.015" />
        <testcase classname="test.unit.model.test_environment" name="test_b29e8857" time="0.052" />
        <testcase classname="test.unit.lib.test_snapshot_differ" name="test_97158155" time="0.019" />
        <testcase classname="test.unit.model.test_environment_snapshots_docker" name="test_e594a102" time="0.062" />
        <testcase classname="test.unit.model.test_organization" name="test_15961439" time="0.015" />
        <testcase classname="test.unit.model.test_environment_events" name="test_9ae22c55" time="0.051" />
        <testcase classname="test.unit.model.test_allowlist" name="test_a32f4d25" time="0.016" />
        <testcase classname="test.unit.model.test_user" name="test_fca44b24" time="0.007" />
        <testcase classname="test.unit.model.test_pipelines" name="test_05bab701" time="0.018" />
        <testcase classname="test.unit.model.test_organization" name="test_15961436" time="0.025" />
        <testcase classname="scripts.test_db_transactions" name="test_db_transactions" time="0.007" />
        <testcase classname="test.unit.documentdb.test_transaction" name="test_e87fde10" time="0.034" />
        <testcase classname="test.unit.model.test_model" name="test_56ead200" time="0.001" />
        <testcase classname="test.unit.model.test_organizations" name="test_026fb182" time="0.039" />
        <testcase classname="test.unit.model.test_users" name="test_8b203620" time="0.009" />
        <testcase classname="test.unit.model.test_artifact" name="test_cdb95019" time="0.026" />
        <testcase classname="test.unit.lib.test_snapshot_differ" name="test_97158179" time="0.017" />
        <testcase classname="test.unit.model.test_environment_events" name="test_9ae22c51" time="0.069" />
        <testcase classname="test.unit.model.test_environment_snapshots_k8s" name="test_b1c7bd20" time="0.099" />
        <testcase classname="test.unit.model.test_special_access" name="test_d8e12300" time="0.017" />
    </testsuite>
</testsuites>